2019-12-02 14:53:29 INFO  [main] com.after00.Application : Starting Application on wangbiaodeMacBook-Pro.local with PID 4152 (/Users/wangbiao/github/my/tensorFlowLearn/target/classes started by wangbiao in /Users/wangbiao/github/my/tensorFlowLearn)
2019-12-02 14:53:29 INFO  [main] com.after00.Application : The following profiles are active: dev
2019-12-02 14:53:30 INFO  [main] o.s.d.r.config.RepositoryConfigurationDelegate : Multiple Spring Data modules found, entering strict repository configuration mode!
2019-12-02 14:53:30 INFO  [main] o.s.d.r.config.RepositoryConfigurationDelegate : Bootstrapping Spring Data repositories in DEFAULT mode.
2019-12-02 14:53:31 INFO  [main] o.s.d.r.config.RepositoryConfigurationDelegate : Finished Spring Data repository scanning in 16ms. Found 0 repository interfaces.
2019-12-02 14:53:31 INFO  [main] o.s.c.s.PostProcessorRegistrationDelegate$BeanPostProcessorChecker : Bean 'org.springframework.transaction.annotation.ProxyTransactionManagementConfiguration' of type [org.springframework.transaction.annotation.ProxyTransactionManagementConfiguration] is not eligible for getting processed by all BeanPostProcessors (for example: not eligible for auto-proxying)
2019-12-02 14:53:32 INFO  [main] o.s.c.s.PostProcessorRegistrationDelegate$BeanPostProcessorChecker : Bean 'redisConfig' of type [com.after00.config.RedisConfig$$EnhancerBySpringCGLIB$$5e7d628] is not eligible for getting processed by all BeanPostProcessors (for example: not eligible for auto-proxying)
2019-12-02 14:53:32 INFO  [main] o.s.boot.web.embedded.tomcat.TomcatWebServer : Tomcat initialized with port(s): 9999 (http)
2019-12-02 14:53:32 INFO  [main] org.apache.catalina.core.StandardService : Starting service [Tomcat]
2019-12-02 14:53:32 INFO  [main] org.apache.catalina.core.StandardEngine : Starting Servlet engine: [Apache Tomcat/9.0.27]
2019-12-02 14:53:32 INFO  [main] o.a.c.core.ContainerBase.[Tomcat].[localhost].[/] : Initializing Spring embedded WebApplicationContext
2019-12-02 14:53:32 INFO  [main] org.springframework.web.context.ContextLoader : Root WebApplicationContext: initialization completed in 3475 ms
2019-12-02 14:53:33 INFO  [main] com.after00.config.RedisConfig : 初始化 -> [Redis CacheErrorHandler]
2019-12-02 14:53:33 INFO  [main] s.d.s.w.PropertySourcedRequestMappingHandlerMapping : Mapped URL path [/v2/api-docs] onto method [springfox.documentation.swagger2.web.Swagger2Controller#getDocumentation(String, HttpServletRequest)]
2019-12-02 14:53:33 INFO  [main] o.s.scheduling.concurrent.ThreadPoolTaskExecutor : Initializing ExecutorService 'applicationTaskExecutor'
2019-12-02 14:53:34 INFO  [main] o.s.scheduling.concurrent.ThreadPoolTaskScheduler : Initializing ExecutorService 'taskScheduler'
2019-12-02 14:53:34 INFO  [main] s.d.s.web.plugins.DocumentationPluginsBootstrapper : Context refreshed
2019-12-02 14:53:34 INFO  [main] s.d.s.web.plugins.DocumentationPluginsBootstrapper : Found 1 custom documentation plugin(s)
2019-12-02 14:53:34 INFO  [main] s.d.spring.web.scanners.ApiListingReferenceScanner : Scanning for api listing references
2019-12-02 14:53:34 INFO  [main] o.s.boot.web.embedded.tomcat.TomcatWebServer : Tomcat started on port(s): 9999 (http) with context path ''
2019-12-02 14:53:34 INFO  [main] com.after00.Application : Started Application in 6.713 seconds (JVM running for 8.335)
2019-12-02 14:53:34 INFO  [main] io.lettuce.core.EpollProvider : Starting without optional epoll library
2019-12-02 14:53:34 INFO  [main] io.lettuce.core.KqueueProvider : Starting without optional kqueue library
2019-12-02 14:53:34 INFO  [main] com.after00.config.StartRunnerComponent : 程序启动---执行方法
2019-12-02 14:56:48 INFO  [http-nio-9999-exec-1] o.a.c.core.ContainerBase.[Tomcat].[localhost].[/] : Initializing Spring DispatcherServlet 'dispatcherServlet'
2019-12-02 14:56:48 INFO  [http-nio-9999-exec-1] org.springframework.web.servlet.DispatcherServlet : Initializing Servlet 'dispatcherServlet'
2019-12-02 14:56:48 INFO  [http-nio-9999-exec-1] org.springframework.web.servlet.DispatcherServlet : Completed initialization in 20 ms
2019-12-02 14:56:49 INFO  [http-nio-9999-exec-1] com.after00.service.impl.EnterpriseServiceImpl : zh_CN：：：
2019-12-02 14:57:00 INFO  [http-nio-9999-exec-2] com.after00.service.impl.EnterpriseServiceImpl : zh_CN：：：
2019-12-02 14:59:20 INFO  [SpringContextShutdownHook] o.s.scheduling.concurrent.ThreadPoolTaskScheduler : Shutting down ExecutorService 'taskScheduler'
2019-12-02 14:59:20 INFO  [SpringContextShutdownHook] o.s.scheduling.concurrent.ThreadPoolTaskExecutor : Shutting down ExecutorService 'applicationTaskExecutor'
2019-12-02 14:59:20 INFO  [SpringContextShutdownHook] com.alibaba.druid.pool.DruidDataSource : {dataSource-1} closing ...
